2025-07-31 21:11:18,593 - INFO - Starting Browser Session...
2025-07-31 21:11:19,664 - INFO - Browser Launch Successfully.
2025-07-31 21:11:20,658 - INFO - URL Open Successfully.
2025-07-31 21:11:20,803 - INFO - Ticket Number Enter successfully.
2025-07-31 21:11:20,932 - INFO - Ticket Class Silver - $750 selected.
2025-07-31 21:11:21,005 - INFO - Registered User - 'Yes' selected.
2025-07-31 21:11:21,114 - INFO - Valid Promo Code Enter successfully.
2025-07-31 21:11:21,241 - INFO - Click on Book Now button successfully.
2025-07-31 21:11:21,294 - INFO - Test Failed. Expected Final Price and Currency does not match with Actual Final Price and Currency.
2025-07-31 21:11:21,294 - INFO - Script Complete.
2025-07-31 21:11:22,392 - INFO - End Browser Session...
2025-08-03 08:46:05,179 - INFO - Starting Browser Session...
2025-08-03 08:46:06,115 - INFO - Browser Launch Successfully.
2025-08-03 08:46:06,500 - INFO - URL Open Successfully.
2025-08-03 08:46:06,616 - INFO - Ticket Number Enter successfully.
2025-08-03 08:46:06,724 - INFO - Ticket Class Silver - $750 selected.
2025-08-03 08:46:06,772 - INFO - Registered User - 'Yes' selected.
2025-08-03 08:46:06,844 - INFO - Valid Promo Code Enter successfully.
2025-08-03 08:46:06,925 - INFO - Click on Book Now button successfully.
2025-08-03 08:46:06,956 - INFO - Test Failed. Expected Final Price and Currency does not match with Actual Final Price and Currency.
2025-08-03 08:46:06,956 - INFO - Script Complete.
2025-08-03 08:46:07,043 - INFO - End Browser Session...
